May 02 09:21:01 2021 :: Loading configuration.
May 02 09:21:01 2021 :: tbaMUD 2021
May 02 09:21:01 2021 :: Using lib as data directory.
May 02 09:21:01 2021 :: Running game on port 8899.
May 02 09:21:01 2021 :: Finding player limit.
May 02 09:21:01 2021 ::    Setting player limit to 300 using rlimit.
May 02 09:21:01 2021 :: Opening mother connection.
May 02 09:21:01 2021 :: Binding to all IP interfaces on this host.
May 02 09:21:01 2021 :: Boot db -- BEGIN.
May 02 09:21:01 2021 :: Resetting the game time:
May 02 09:21:01 2021 ::    Current Gametime: 22H 16D 16M 904Y.
May 02 09:21:01 2021 :: Initialize Global Lists
May 02 09:21:01 2021 :: Initializing Events
May 02 09:21:01 2021 :: Reading news, credits, help, ihelp, bground, info & motds.
May 02 09:21:01 2021 :: Loading spell definitions.
May 02 09:21:01 2021 :: Loading zone table.
May 02 09:21:01 2021 ::    189 zones, 13608 bytes.
May 02 09:21:01 2021 :: Loading triggers and generating index.
May 02 09:21:01 2021 :: Loading rooms.
May 02 09:21:01 2021 ::    12733 rooms, 2342872 bytes.
May 02 09:21:01 2021 :: Renumbering rooms.
May 02 09:21:01 2021 :: Checking start rooms.
May 02 09:21:01 2021 :: Loading mobs and generating index.
May 02 09:21:01 2021 ::    3705 mobs, 118560 bytes in index, 2134080 bytes in prototypes.
May 02 09:21:01 2021 :: Loading objs and generating index.
May 02 09:21:01 2021 ::    4765 objs, 152480 bytes in index, 1143600 bytes in prototypes.
May 02 09:21:01 2021 :: Renumbering zone table.
May 02 09:21:01 2021 :: Loading shops.
May 02 09:21:01 2021 :: Loading quests.
May 02 09:21:01 2021 ::    1 entries, 128 bytes.
May 02 09:21:01 2021 :: Loading help entries.
May 02 09:21:01 2021 ::    2652 entries, 84864 bytes.
May 02 09:21:02 2021 :: Generating player index.
May 02 09:21:02 2021 :: Loading fight messages.
May 02 09:21:02 2021 :: Loaded 37 Combat Messages...
May 02 09:21:02 2021 :: Loading social messages.
May 02 09:21:02 2021 :: Social table contains 490 socials.
May 02 09:21:02 2021 :: Building command list.
May 02 09:21:02 2021 :: Command info rebuilt, 766 total commands.
May 02 09:21:02 2021 :: Assigning function pointers:
May 02 09:21:02 2021 ::    Mobiles.
May 02 09:21:02 2021 ::    Shopkeepers.
May 02 09:21:02 2021 ::    Objects.
May 02 09:21:02 2021 ::    Rooms.
May 02 09:21:02 2021 ::    Questmasters.
May 02 09:21:02 2021 :: Assigning spell and skill levels.
May 02 09:21:02 2021 :: Sorting command list and spells.
May 02 09:21:02 2021 :: Booting mail system.
May 02 09:21:02 2021 ::    Mail file read -- 0 messages.
May 02 09:21:02 2021 :: Reading banned site and invalid-name list.
May 02 09:21:02 2021 :: Loading Ideas.
May 02 09:21:02 2021 :: Loading Bugs.
May 02 09:21:02 2021 :: Loading Typos.
May 02 09:21:02 2021 :: Deleting timed-out crash and rent files:
May 02 09:21:02 2021 ::    Done.
May 02 09:21:02 2021 :: Booting houses.
May 02 09:21:02 2021 ::    No houses to load. File 'etc/hcontrol' does not exist.
May 02 09:21:02 2021 :: Cleaning up last log.
May 02 09:21:02 2021 :: Resetting #0: The Builder Academy Zone (rooms 0-99).
May 02 09:21:02 2021 :: Resetting #1: Sanctus (rooms 100-199).
May 02 09:21:02 2021 :: Resetting #2: Sanctus II (rooms 200-299).
May 02 09:21:02 2021 :: Resetting #3: Sanctus III (rooms 300-399).
May 02 09:21:02 2021 :: Resetting #4: Jade Forest (rooms 400-499).
May 02 09:21:02 2021 :: Resetting #5: Newbie Farm (rooms 500-599).
May 02 09:21:02 2021 :: Resetting #6: Sea of Souls (rooms 600-699).
May 02 09:21:02 2021 :: Resetting #7: Camelot (rooms 700-799).
May 02 09:21:02 2021 :: Resetting #9: River Island of Minos (rooms 900-999).
May 02 09:21:02 2021 :: Resetting #11: Frozen Castle (rooms 1100-1199).
May 02 09:21:02 2021 :: Resetting #12: God Complex Merged with 343 (rooms 1200-1299).
May 02 09:21:02 2021 :: Resetting #13: TBA Examples (rooms 1300-1399).
May 02 09:21:02 2021 :: Resetting #14: TBA Examples II (rooms 1400-1499).
May 02 09:21:02 2021 :: Resetting #15: Straight Path (rooms 1500-1599).
May 02 09:21:02 2021 :: Resetting #16: Camelot II (rooms 1600-1699).
May 02 09:21:02 2021 :: Resetting #17: Camelot III (rooms 1700-1799).
May 02 09:21:02 2021 :: Resetting #18: Nuclear Wasteland (rooms 1800-1899).
May 02 09:21:02 2021 :: Resetting #19: Spider Swamp (rooms 1900-1999).
May 02 09:21:02 2021 :: Resetting #20: Arena (rooms 2000-2099).
May 02 09:21:02 2021 :: Resetting #22: Tower of the Undead (rooms 2200-2299).
May 02 09:21:02 2021 :: Resetting #25: High Tower of Magic (rooms 2500-2599).
May 02 09:21:02 2021 :: Resetting #26: High Tower of Magic II (rooms 2600-2699).
May 02 09:21:02 2021 :: Resetting #27: Memlin Caverns (rooms 2700-2799).
May 02 09:21:02 2021 :: Resetting #28: Mudschool (rooms 2800-2899).
May 02 09:21:02 2021 :: Resetting #30: Northern Midgaard (rooms 3000-3099).
May 02 09:21:02 2021 :: Resetting #31: Southern Midgaard (rooms 3100-3199).
May 02 09:21:02 2021 :: Resetting #32: Midgaard (rooms 3200-3299).
May 02 09:21:02 2021 :: Resetting #33: Three of Swords (rooms 3300-3399).
May 02 09:21:02 2021 :: Resetting #35: Miden'Nir (rooms 3500-3599).
May 02 09:21:02 2021 :: Resetting #36: Chessboard of Midgaard (rooms 3600-3699).
May 02 09:21:02 2021 :: Resetting #37: Capital Sewer System (rooms 3700-3799).
May 02 09:21:02 2021 :: Resetting #38: Capital Sewer System II (rooms 3800-3899).
May 02 09:21:02 2021 :: Resetting #39: Haven (rooms 3900-3999).
May 02 09:21:02 2021 :: Resetting #40: Mines of Moria (rooms 4000-4099).
May 02 09:21:02 2021 :: Resetting #41: Mines of Moria (rooms 4100-4199).
May 02 09:21:02 2021 :: Resetting #42: Dragon Chasm (rooms 4200-4299).
May 02 09:21:02 2021 :: Resetting #43: Arctic Zone (rooms 4300-4399).
May 02 09:21:02 2021 :: Resetting #44: Orc Camp (rooms 4400-4499).
May 02 09:21:02 2021 :: Resetting #45: Woodland Monastery (rooms 4500-4599).
May 02 09:21:02 2021 :: Resetting #46: Ant Hill (rooms 4600-4699).
May 02 09:21:02 2021 :: Resetting #50: Great Eastern Desert (rooms 5000-5099).
May 02 09:21:02 2021 :: Resetting #51: Drow City (rooms 5100-5199).
May 02 09:21:02 2021 :: Resetting #52: City of Thalos (rooms 5200-5299).
May 02 09:21:02 2021 :: Resetting #53: Great Pyramid (rooms 5300-5399).
May 02 09:21:02 2021 :: Resetting #54: New Thalos (rooms 5400-5499).
May 02 09:21:02 2021 :: Resetting #55: New Thalos II (rooms 5500-5599).
May 02 09:21:02 2021 :: Resetting #56: New Thalos Wilderness (rooms 5600-5699).
May 02 09:21:02 2021 :: Resetting #57: Zodiac (rooms 5700-5799).
May 02 09:21:02 2021 :: Resetting #60: Haon-Dor, Light Forest (rooms 6000-6099).
May 02 09:21:02 2021 :: Resetting #61: Haon-Dor, Light Forest II (rooms 6100-6199).
May 02 09:21:02 2021 :: Resetting #62: Orc Enclave (rooms 6200-6299).
May 02 09:21:02 2021 :: Resetting #63: Arachnos (rooms 6300-6399).
May 02 09:21:02 2021 :: Resetting #64: Rand's Tower (rooms 6400-6499).
May 02 09:21:02 2021 :: Resetting #65: Dwarven Kingdom (rooms 6500-6599).
May 02 09:21:02 2021 :: Resetting #70: Sewer, First Level (rooms 7000-7099).
May 02 09:21:02 2021 :: Resetting #71: Second Sewer (rooms 7100-7199).
May 02 09:21:02 2021 :: Resetting #72: Sewer Maze (rooms 7200-7299).
May 02 09:21:02 2021 :: Resetting #73: Tunnels in the Sewer (rooms 7300-7399).
May 02 09:21:02 2021 :: Resetting #74: Newbie Graveyard (rooms 7400-7499).
May 02 09:21:02 2021 :: Resetting #75: Zamba (rooms 7500-7599).
May 02 09:21:02 2021 :: Resetting #78: Gideon (rooms 7800-7899).
May 02 09:21:02 2021 :: Resetting #79: Redferne's Residence (rooms 7900-7999).
May 02 09:21:02 2021 :: Resetting #83: Glumgold's Sea (rooms 8300-8399).
May 02 09:21:02 2021 :: Resetting #86: Duke Kalithorn's Keep (rooms 8600-8699).
May 02 09:21:02 2021 :: Resetting #90: Oasis (rooms 9000-9099).
May 02 09:21:02 2021 :: Resetting #96: Domiae (rooms 9600-9699).
May 02 09:21:02 2021 :: Resetting #100: Northern Highway (rooms 10000-10099).
May 02 09:21:02 2021 :: Resetting #101: South Road (rooms 10100-10199).
May 02 09:21:02 2021 :: Resetting #103: DBZ World (rooms 10300-10399).
May 02 09:21:02 2021 :: Resetting #104: Land of Orchan (rooms 10400-10499).
May 02 09:21:02 2021 :: Resetting #106: Elcardo (rooms 10600-10699).
May 02 09:21:02 2021 :: Resetting #107: Realms of Iuel (rooms 10700-10799).
May 02 09:21:02 2021 :: Resetting #115: Monestary Omega (rooms 11500-11599).
May 02 09:21:02 2021 :: Resetting #117: Los Torres (rooms 11700-11799).
May 02 09:21:02 2021 :: Resetting #118: The Dollhouse (rooms 11800-11899).
May 02 09:21:02 2021 :: Resetting #120: Rome (rooms 12000-12099).
May 02 09:21:02 2021 :: Resetting #125: Hannah (rooms 12500-12599).
May 02 09:21:02 2021 :: Resetting #130: Mist Maze (rooms 13000-13099).
May 02 09:21:02 2021 :: Resetting #140: Wyvern City (rooms 14000-14099).
May 02 09:21:02 2021 :: Resetting #150: King Welmar's Castle (rooms 15000-15099).
May 02 09:21:02 2021 :: Resetting #169: Gibberling Caves (rooms 16900-16999).
May 02 09:21:02 2021 :: Resetting #175: Cardinal Wizards (rooms 17500-17599).
May 02 09:21:02 2021 :: Resetting #186: Newbie Zone (rooms 18600-18699).
May 02 09:21:02 2021 :: Resetting #187: Circus (rooms 18700-18799).
May 02 09:21:02 2021 :: Resetting #200: Western Highway (rooms 20000-20099).
May 02 09:21:02 2021 :: Resetting #201: Sapphire Islands (rooms 20100-20199).
May 02 09:21:02 2021 :: Resetting #211: Tarot (rooms 21100-21199).
May 02 09:21:02 2021 :: Resetting #220: The Enchanted Kitchen (rooms 22000-22099).
May 02 09:21:02 2021 :: Resetting #232: Terringham (rooms 23200-23299).
May 02 09:21:02 2021 :: Resetting #233: Dragon Plains (rooms 23300-23399).
May 02 09:21:02 2021 :: Resetting #234: Newbie School (rooms 23400-23499).
May 02 09:21:02 2021 :: Resetting #235: Dwarven Mines (rooms 23500-23599).
May 02 09:21:02 2021 :: Resetting #236: Aldin (rooms 23600-23699).
May 02 09:21:02 2021 :: Resetting #237: Dwarven Trade Route (rooms 23700-23799).
May 02 09:21:02 2021 :: Resetting #238: Crystal Castle (rooms 23800-23899).
May 02 09:21:02 2021 :: Resetting #239: South Pass (rooms 23900-23999).
May 02 09:21:02 2021 :: Resetting #240: Dun Maura (rooms 24000-24099).
May 02 09:21:02 2021 :: Resetting #241: Starship Enterprise (rooms 24100-24199).
May 02 09:21:02 2021 :: Resetting #242: New Southern Midgaard (rooms 24200-24299).
May 02 09:21:02 2021 :: Resetting #243: Snowy Valley (rooms 24300-24399).
May 02 09:21:02 2021 :: Resetting #244: Cooland Prison (rooms 24400-24499).
May 02 09:21:02 2021 :: Resetting #245: The Nether (rooms 24500-24599).
May 02 09:21:02 2021 :: Resetting #246: The Nether II (rooms 24600-24699).
May 02 09:21:02 2021 :: Resetting #247: Graveyard (rooms 24700-24799).
May 02 09:21:02 2021 :: Resetting #248: Elven Woods (rooms 24800-24899).
May 02 09:21:02 2021 :: Resetting #249: Jedi Clan House (rooms 24900-24999).
May 02 09:21:02 2021 :: Resetting #250: DragonSpyre (rooms 25000-25099).
May 02 09:21:02 2021 :: Resetting #251: Ape Village (rooms 25100-25199).
May 02 09:21:02 2021 :: Resetting #252: Castle of the Vampyre (rooms 25200-25299).
May 02 09:21:02 2021 :: Resetting #253: Windmill (rooms 25300-25399).
May 02 09:21:02 2021 :: Resetting #254: Mordecai's Village (rooms 25400-25499).
May 02 09:21:02 2021 :: Resetting #255: Shipwreck (rooms 25500-25599).
May 02 09:21:02 2021 :: Resetting #256: Lord's Keep (rooms 25600-25699).
May 02 09:21:02 2021 :: Resetting #257: Jareth Main City (rooms 25700-25799).
May 02 09:21:02 2021 :: Resetting #258: Light Forest (rooms 25800-25899).
May 02 09:21:02 2021 :: Resetting #259: Haunted Mansion (rooms 25900-25999).
May 02 09:21:02 2021 :: Resetting #260: Grasslands (rooms 26000-26099).
May 02 09:21:02 2021 :: Resetting #261: Inna & Igor's Castle (rooms 26100-26199).
May 02 09:21:02 2021 :: Resetting #262: Forest Trails (rooms 26200-26299).
May 02 09:21:02 2021 :: Resetting #263: Farmlands (rooms 26300-26399).
May 02 09:21:02 2021 :: Resetting #264: Banshide (rooms 26400-26499).
May 02 09:21:02 2021 :: Resetting #265: Beach & Lighthouse (rooms 26500-26599).
May 02 09:21:02 2021 :: Resetting #266: Realm of Lord Ankou (rooms 26600-26699).
May 02 09:21:02 2021 :: Resetting #267: Vice Island (rooms 26700-26799).
May 02 09:21:02 2021 :: Resetting #268: Vice Island II (rooms 26800-26899).
May 02 09:21:02 2021 :: Resetting #269: Southern Desert (rooms 26900-26999).
May 02 09:21:02 2021 :: Resetting #270: Wasteland (rooms 27000-27099).
May 02 09:21:02 2021 :: Resetting #271: Sundhaven (rooms 27100-27199).
May 02 09:21:02 2021 :: Resetting #272: Sundhaven II (rooms 27200-27299).
May 02 09:21:02 2021 :: Resetting #273: Space Station Alpha (rooms 27300-27399).
May 02 09:21:02 2021 :: Resetting #274: Adria: Saint Brigid (rooms 27400-27499).
May 02 09:21:02 2021 :: Resetting #275: New Sparta (rooms 27500-27599).
May 02 09:21:02 2021 :: Resetting #276: New Sparta II (rooms 27600-27699).
May 02 09:21:02 2021 :: Resetting #277: Shire (rooms 27700-27799).
May 02 09:21:02 2021 :: Resetting #278: Oceania (rooms 27800-27899).
May 02 09:21:02 2021 :: Resetting #279: Notre Dame (rooms 27900-27999).
May 02 09:21:02 2021 :: Resetting #280: Living Motherboard (rooms 28000-28099).
May 02 09:21:02 2021 :: Resetting #281: Forest of Khanjar (rooms 28100-28199).
May 02 09:21:02 2021 :: Resetting #282: Infernal Pit of Kerjim (rooms 28200-28299).
May 02 09:21:02 2021 :: Resetting #283: Haunted House (rooms 28300-28399).
May 02 09:21:02 2021 :: Resetting #284: Ghenna (rooms 28400-28499).
May 02 09:21:02 2021 :: Resetting #285: Descent to Hell II (rooms 28500-28599).
May 02 09:21:02 2021 :: Resetting #286: Descent to Hell (rooms 28600-28699).
May 02 09:21:02 2021 :: Resetting #287: Ofingia and the Goblin Town (rooms 28700-28799).
May 02 09:21:02 2021 :: Resetting #288: Galaxy (rooms 28800-28899).
May 02 09:21:02 2021 :: Resetting #289: Werith's Wayhouse (rooms 28900-28999).
May 02 09:21:02 2021 :: Resetting #290: Lizard Lair Safari (rooms 29000-29099).
May 02 09:21:02 2021 :: Resetting #291: Black Forest (rooms 29100-29199).
May 02 09:21:02 2021 :: Resetting #292: Kerofk (rooms 29200-29299).
May 02 09:21:02 2021 :: Resetting #293: Kerofk II (rooms 29300-29399).
May 02 09:21:02 2021 :: Resetting #294: Trade Road (rooms 29400-29499).
May 02 09:21:02 2021 :: Resetting #295: Jungle (rooms 29500-29599).
May 02 09:21:02 2021 :: Resetting #296: Froboz Fun Factory (rooms 29600-29699).
May 02 09:21:02 2021 :: Resetting #298: Castle of Desire (rooms 29800-29899).
May 02 09:21:02 2021 :: Resetting #299: Abandoned Cathedral (rooms 29900-29999).
May 02 09:21:02 2021 :: Resetting #300: Ancalador (rooms 30000-30099).
May 02 09:21:02 2021 :: Resetting #301: Campus (rooms 30100-30199).
May 02 09:21:02 2021 :: Resetting #302: Campus II (rooms 30200-30299).
May 02 09:21:02 2021 :: Resetting #303: Campus III (rooms 30300-30399).
May 02 09:21:02 2021 :: Resetting #304: Temple of the Bull (rooms 30400-30499).
May 02 09:21:02 2021 :: Resetting #305: Chessboard (rooms 30500-30599).
May 02 09:21:02 2021 :: Resetting #306: Newbie Tree (rooms 30600-30699).
May 02 09:21:02 2021 :: Resetting #307: Castle (rooms 30700-30799).
May 02 09:21:02 2021 :: Resetting #308: Baron Cailveh (rooms 30800-30899).
May 02 09:21:02 2021 :: Resetting #309: Keep of Baron Westlawn (rooms 30900-30999).
May 02 09:21:02 2021 :: Resetting #310: Graye Area (rooms 31000-31099).
May 02 09:21:02 2021 :: Resetting #311: The Dragon's Teeth (rooms 31100-31199).
May 02 09:21:02 2021 :: Resetting #312: Leper Island (rooms 31200-31299).
May 02 09:21:02 2021 :: Resetting #313: Farmlands of Ofingia (rooms 31300-31399).
May 02 09:21:02 2021 :: Resetting #314: X'Raantra's Altar of Sacrifice (rooms 31400-31499).
May 02 09:21:02 2021 :: Resetting #315: McGintey Business District (rooms 31500-31599).
May 02 09:21:02 2021 :: Resetting #316: McGintey Guild Area (rooms 31600-31699).
May 02 09:21:02 2021 :: Resetting #317: Wharf (rooms 31700-31799).
May 02 09:21:02 2021 :: Resetting #318: Dock Area (rooms 31800-31899).
May 02 09:21:02 2021 :: Resetting #319: Yllythad Sea (rooms 31900-31999).
May 02 09:21:02 2021 :: Resetting #320: Yllythad Sea II (rooms 32000-32099).
May 02 09:21:02 2021 :: Resetting #321: Yllythad Sea III (rooms 32100-32199).
May 02 09:21:02 2021 :: Resetting #322: McGintey Bay (rooms 32200-32299).
May 02 09:21:02 2021 :: Resetting #323: Caverns of the Pale Man (rooms 32300-32399).
May 02 09:21:02 2021 :: Resetting #324: Army Encampment (rooms 32400-32499).
May 02 09:21:02 2021 :: Resetting #325: Revelry (rooms 32500-32599).
May 02 09:21:02 2021 :: Resetting #326: Army Perimeter (rooms 32600-32699).
May 02 09:21:02 2021 :: Resetting #343: God Complex  (rooms 34300-34399).
May 02 09:21:02 2021 :: Resetting #345: Asylum for the Insane (rooms 34500-34599).
May 02 09:21:02 2021 :: Resetting #346: God Hall Ext 346 for God Hall Cmplx (rooms 34600-34699).
May 02 09:21:02 2021 :: Resetting #555: Ultima (rooms 55500-55599).
May 02 09:21:02 2021 :: Resetting #556: Ultima II (rooms 55600-55699).
May 02 09:21:02 2021 :: Resetting #653: Apartment (rooms 65300-65399).
May 02 09:21:02 2021 :: Resetting #654: Subdivision (rooms 65400-65499).
May 02 09:21:02 2021 :: Boot db -- DONE.
May 02 09:21:02 2021 :: Signal trapping.
May 02 09:21:02 2021 :: Entering game loop.
May 02 09:21:02 2021 :: No connections.  Going to sleep.
May 02 10:46:46 2021 :: New connection.  Waking up.
May 02 10:46:47 2021 :: Losing descriptor without char.
May 02 10:46:47 2021 :: WARNING: Attempting to get content from iterator with NULL list.
May 02 10:46:47 2021 :: WARNING: Attempting to remove iterator from NULL list.
May 02 10:46:47 2021 :: No connections.  Going to sleep.
May 02 11:02:13 2021 :: New connection.  Waking up.
May 02 11:02:13 2021 :: WARNING: EOF on socket read (connection broken by peer)
May 02 11:02:13 2021 :: Losing descriptor without char.
May 02 11:02:13 2021 :: WARNING: Attempting to get content from iterator with NULL list.
May 02 11:02:13 2021 :: WARNING: Attempting to remove iterator from NULL list.
May 02 11:02:13 2021 :: No connections.  Going to sleep.
May 02 11:06:57 2021 :: New connection.  Waking up.
May 02 11:06:57 2021 :: WARNING: EOF on socket read (connection broken by peer)
May 02 11:06:57 2021 :: Losing descriptor without char.
May 02 11:06:57 2021 :: WARNING: Attempting to get content from iterator with NULL list.
May 02 11:06:57 2021 :: WARNING: Attempting to remove iterator from NULL list.
May 02 11:06:57 2021 :: No connections.  Going to sleep.
May 02 11:12:18 2021 :: New connection.  Waking up.
May 02 11:12:18 2021 :: WARNING: EOF on socket read (connection broken by peer)
May 02 11:12:18 2021 :: Losing descriptor without char.
May 02 11:12:18 2021 :: WARNING: Attempting to get content from iterator with NULL list.
May 02 11:12:18 2021 :: WARNING: Attempting to remove iterator from NULL list.
May 02 11:12:18 2021 :: No connections.  Going to sleep.
May 02 11:15:43 2021 :: New connection.  Waking up.
May 02 11:15:43 2021 :: WARNING: EOF on socket read (connection broken by peer)
May 02 11:15:43 2021 :: Losing descriptor without char.
May 02 11:15:43 2021 :: WARNING: Attempting to get content from iterator with NULL list.
May 02 11:15:43 2021 :: WARNING: Attempting to remove iterator from NULL list.
May 02 11:15:43 2021 :: No connections.  Going to sleep.
May 02 11:17:52 2021 :: New connection.  Waking up.
May 02 11:17:52 2021 :: WARNING: EOF on socket read (connection broken by peer)
May 02 11:17:52 2021 :: Losing descriptor without char.
May 02 11:17:52 2021 :: WARNING: Attempting to get content from iterator with NULL list.
May 02 11:17:52 2021 :: WARNING: Attempting to remove iterator from NULL list.
May 02 11:17:52 2021 :: No connections.  Going to sleep.
May 02 11:20:50 2021 :: New connection.  Waking up.
May 02 11:20:50 2021 :: WARNING: EOF on socket read (connection broken by peer)
May 02 11:20:50 2021 :: Losing descriptor without char.
May 02 11:20:50 2021 :: WARNING: Attempting to get content from iterator with NULL list.
May 02 11:20:50 2021 :: WARNING: Attempting to remove iterator from NULL list.
May 02 11:20:50 2021 :: No connections.  Going to sleep.
May 02 11:23:46 2021 :: New connection.  Waking up.
May 02 11:23:47 2021 :: WARNING: EOF on socket read (connection broken by peer)
May 02 11:23:47 2021 :: Losing descriptor without char.
May 02 11:23:47 2021 :: WARNING: Attempting to get content from iterator with NULL list.
May 02 11:23:47 2021 :: WARNING: Attempting to remove iterator from NULL list.
May 02 11:23:47 2021 :: No connections.  Going to sleep.
May 02 13:28:28 2021 :: New connection.  Waking up.
SYSERR: gethostbyaddr: Success
May 02 13:28:29 2021 :: Losing descriptor without char.
May 02 13:28:29 2021 :: WARNING: Attempting to get content from iterator with NULL list.
May 02 13:28:29 2021 :: WARNING: Attempting to remove iterator from NULL list.
May 02 13:28:29 2021 :: No connections.  Going to sleep.
May 02 14:04:18 2021 :: New connection.  Waking up.
SYSERR: gethostbyaddr: Success
May 02 14:04:25 2021 :: WARNING: EOF on socket read (connection broken by peer)
May 02 14:04:25 2021 :: Losing descriptor without char.
May 02 14:04:25 2021 :: No connections.  Going to sleep.
May 02 14:04:25 2021 :: New connection.  Waking up.
SYSERR: gethostbyaddr: Success
May 02 14:04:32 2021 :: WARNING: EOF on socket read (connection broken by peer)
May 02 14:04:32 2021 :: Losing descriptor without char.
May 02 14:04:32 2021 :: No connections.  Going to sleep.
May 02 14:04:32 2021 :: New connection.  Waking up.
SYSERR: gethostbyaddr: Success
SYSERR: gethostbyaddr: Success
May 02 14:04:38 2021 :: WARNING: EOF on socket read (connection broken by peer)
May 02 14:04:38 2021 :: Losing descriptor without char.
SYSERR: gethostbyaddr: Success
May 02 14:04:45 2021 :: WARNING: EOF on socket read (connection broken by peer)
May 02 14:04:45 2021 :: Losing descriptor without char.
SYSERR: gethostbyaddr: Success
May 02 14:04:51 2021 :: WARNING: EOF on socket read (connection broken by peer)
May 02 14:04:51 2021 :: Losing descriptor without char.
SYSERR: gethostbyaddr: Success
May 02 14:04:52 2021 :: WARNING: EOF on socket read (connection broken by peer)
May 02 14:04:52 2021 :: Losing descriptor without char.
May 02 14:04:52 2021 :: WARNING: Attempting to get content from iterator with NULL list.
May 02 14:04:52 2021 :: WARNING: Attempting to remove iterator from NULL list.
May 02 14:04:58 2021 :: WARNING: EOF on socket read (connection broken by peer)
May 02 14:04:58 2021 :: Losing descriptor without char.
May 02 14:04:58 2021 :: No connections.  Going to sleep.
May 02 16:35:47 2021 :: New connection.  Waking up.
May 02 16:35:48 2021 :: Losing descriptor without char.
May 02 16:35:48 2021 :: WARNING: Attempting to get content from iterator with NULL list.
May 02 16:35:48 2021 :: WARNING: Attempting to remove iterator from NULL list.
May 02 16:35:48 2021 :: No connections.  Going to sleep.
May 02 17:00:57 2021 :: New connection.  Waking up.
May 02 17:00:58 2021 :: Losing descriptor without char.
May 02 17:00:58 2021 :: WARNING: Attempting to get content from iterator with NULL list.
May 02 17:00:58 2021 :: WARNING: Attempting to remove iterator from NULL list.
May 02 17:00:58 2021 :: No connections.  Going to sleep.
May 03 00:16:52 2021 :: New connection.  Waking up.
May 03 00:16:53 2021 :: WARNING: EOF on socket read (connection broken by peer)
May 03 00:16:53 2021 :: Losing descriptor without char.
May 03 00:16:53 2021 :: WARNING: Attempting to get content from iterator with NULL list.
May 03 00:16:53 2021 :: WARNING: Attempting to remove iterator from NULL list.
May 03 00:16:53 2021 :: No connections.  Going to sleep.
May 03 00:16:53 2021 :: New connection.  Waking up.
May 03 00:16:54 2021 :: WARNING: EOF on socket read (connection broken by peer)
May 03 00:16:54 2021 :: Losing descriptor without char.
May 03 00:16:54 2021 :: WARNING: Attempting to get content from iterator with NULL list.
May 03 00:16:54 2021 :: WARNING: Attempting to remove iterator from NULL list.
May 03 00:16:54 2021 :: No connections.  Going to sleep.
May 03 00:16:54 2021 :: New connection.  Waking up.
May 03 00:16:55 2021 :: WARNING: EOF on socket read (connection broken by peer)
May 03 00:16:55 2021 :: Losing descriptor without char.
May 03 00:16:55 2021 :: WARNING: Attempting to get content from iterator with NULL list.
May 03 00:16:55 2021 :: WARNING: Attempting to remove iterator from NULL list.
May 03 00:16:55 2021 :: No connections.  Going to sleep.
May 03 00:16:58 2021 :: New connection.  Waking up.
SYSERR: gethostbyaddr: Success
May 03 00:16:59 2021 :: WARNING: EOF on socket read (connection broken by peer)
May 03 00:16:59 2021 :: Losing descriptor without char.
May 03 00:16:59 2021 :: WARNING: Attempting to get content from iterator with NULL list.
May 03 00:16:59 2021 :: WARNING: Attempting to remove iterator from NULL list.
May 03 00:16:59 2021 :: No connections.  Going to sleep.
May 03 00:17:01 2021 :: New connection.  Waking up.
SYSERR: gethostbyaddr: Success
May 03 00:17:01 2021 :: WARNING: EOF on socket read (connection broken by peer)
May 03 00:17:01 2021 :: Losing descriptor without char.
May 03 00:17:01 2021 :: WARNING: Attempting to get content from iterator with NULL list.
May 03 00:17:01 2021 :: WARNING: Attempting to remove iterator from NULL list.
May 03 00:17:01 2021 :: No connections.  Going to sleep.
May 03 02:26:57 2021 :: New connection.  Waking up.
May 03 02:26:58 2021 :: WARNING: EOF on socket read (connection broken by peer)
May 03 02:26:58 2021 :: Losing descriptor without char.
May 03 02:26:58 2021 :: WARNING: Attempting to get content from iterator with NULL list.
May 03 02:26:58 2021 :: WARNING: Attempting to remove iterator from NULL list.
May 03 02:26:58 2021 :: No connections.  Going to sleep.
May 03 03:35:25 2021 :: New connection.  Waking up.
May 03 03:35:50 2021 :: Losing descriptor without char.
May 03 03:35:50 2021 :: No connections.  Going to sleep.
May 03 03:40:21 2021 :: New connection.  Waking up.
May 03 03:40:22 2021 :: WARNING: EOF on socket read (connection broken by peer)
May 03 03:40:22 2021 :: Losing descriptor without char.
May 03 03:40:22 2021 :: WARNING: Attempting to get content from iterator with NULL list.
May 03 03:40:22 2021 :: WARNING: Attempting to remove iterator from NULL list.
May 03 03:40:22 2021 :: No connections.  Going to sleep.
May 03 04:26:26 2021 :: New connection.  Waking up.
SYSERR: gethostbyaddr: Success
May 03 04:26:26 2021 :: Losing descriptor without char.
May 03 04:26:26 2021 :: WARNING: Attempting to get content from iterator with NULL list.
May 03 04:26:26 2021 :: WARNING: Attempting to remove iterator from NULL list.
May 03 04:26:26 2021 :: No connections.  Going to sleep.
May 03 07:50:34 2021 :: New connection.  Waking up.
May 03 07:50:35 2021 :: WARNING: EOF on socket read (connection broken by peer)
May 03 07:50:35 2021 :: Losing descriptor without char.
May 03 07:50:35 2021 :: WARNING: Attempting to get content from iterator with NULL list.
May 03 07:50:35 2021 :: WARNING: Attempting to remove iterator from NULL list.
May 03 07:50:35 2021 :: No connections.  Going to sleep.
May 03 12:08:34 2021 :: New connection.  Waking up.
SYSERR: gethostbyaddr: Success
SYSERR: gethostbyaddr: Success
May 03 12:08:41 2021 :: WARNING: EOF on socket read (connection broken by peer)
May 03 12:08:41 2021 :: Losing descriptor without char.
SYSERR: gethostbyaddr: Success
May 03 12:08:47 2021 :: WARNING: EOF on socket read (connection broken by peer)
May 03 12:08:47 2021 :: Losing descriptor without char.
SYSERR: gethostbyaddr: Success
May 03 12:08:54 2021 :: WARNING: EOF on socket read (connection broken by peer)
May 03 12:08:54 2021 :: Losing descriptor without char.
May 03 12:09:00 2021 :: WARNING: EOF on socket read (connection broken by peer)
May 03 12:09:00 2021 :: Losing descriptor without char.
May 03 12:09:00 2021 :: No connections.  Going to sleep.
May 03 12:09:00 2021 :: New connection.  Waking up.
SYSERR: gethostbyaddr: Success
SYSERR: gethostbyaddr: Success
May 03 12:09:07 2021 :: WARNING: EOF on socket read (connection broken by peer)
May 03 12:09:07 2021 :: Losing descriptor without char.
SYSERR: gethostbyaddr: Success
May 03 12:09:07 2021 :: WARNING: EOF on socket read (connection broken by peer)
May 03 12:09:07 2021 :: Losing descriptor without char.
May 03 12:09:07 2021 :: WARNING: Attempting to get content from iterator with NULL list.
May 03 12:09:07 2021 :: WARNING: Attempting to remove iterator from NULL list.
May 03 12:09:14 2021 :: WARNING: EOF on socket read (connection broken by peer)
May 03 12:09:14 2021 :: Losing descriptor without char.
May 03 12:09:14 2021 :: No connections.  Going to sleep.
May 03 14:10:27 2021 :: New connection.  Waking up.
SYSERR: gethostbyaddr: Success
May 03 14:10:28 2021 :: Losing descriptor without char.
May 03 14:10:28 2021 :: WARNING: Attempting to get content from iterator with NULL list.
May 03 14:10:28 2021 :: WARNING: Attempting to remove iterator from NULL list.
May 03 14:10:28 2021 :: No connections.  Going to sleep.
May 04 00:30:40 2021 :: New connection.  Waking up.
May 04 00:30:41 2021 :: WARNING: EOF on socket read (connection broken by peer)
May 04 00:30:41 2021 :: Losing descriptor without char.
May 04 00:30:41 2021 :: WARNING: Attempting to get content from iterator with NULL list.
May 04 00:30:41 2021 :: WARNING: Attempting to remove iterator from NULL list.
May 04 00:30:41 2021 :: No connections.  Going to sleep.
May 04 00:30:41 2021 :: New connection.  Waking up.
May 04 00:30:42 2021 :: WARNING: EOF on socket read (connection broken by peer)
May 04 00:30:42 2021 :: Losing descriptor without char.
May 04 00:30:42 2021 :: WARNING: Attempting to get content from iterator with NULL list.
May 04 00:30:42 2021 :: WARNING: Attempting to remove iterator from NULL list.
May 04 00:30:42 2021 :: No connections.  Going to sleep.
May 04 00:30:43 2021 :: New connection.  Waking up.
May 04 00:30:43 2021 :: WARNING: EOF on socket read (connection broken by peer)
May 04 00:30:43 2021 :: Losing descriptor without char.
May 04 00:30:43 2021 :: WARNING: Attempting to get content from iterator with NULL list.
May 04 00:30:43 2021 :: WARNING: Attempting to remove iterator from NULL list.
May 04 00:30:43 2021 :: No connections.  Going to sleep.
May 04 05:36:54 2021 :: New connection.  Waking up.
May 04 05:36:55 2021 :: WARNING: EOF on socket read (connection broken by peer)
May 04 05:36:55 2021 :: Losing descriptor without char.
May 04 05:36:55 2021 :: WARNING: Attempting to get content from iterator with NULL list.
May 04 05:36:55 2021 :: WARNING: Attempting to remove iterator from NULL list.
May 04 05:36:55 2021 :: No connections.  Going to sleep.
May 04 12:11:34 2021 :: New connection.  Waking up.
SYSERR: gethostbyaddr: Success
SYSERR: gethostbyaddr: Success
May 04 12:11:41 2021 :: WARNING: EOF on socket read (connection broken by peer)
May 04 12:11:41 2021 :: Losing descriptor without char.
SYSERR: gethostbyaddr: Success
May 04 12:11:48 2021 :: WARNING: EOF on socket read (connection broken by peer)
May 04 12:11:48 2021 :: Losing descriptor without char.
SYSERR: gethostbyaddr: Success
May 04 12:11:54 2021 :: WARNING: EOF on socket read (connection broken by peer)
May 04 12:11:54 2021 :: Losing descriptor without char.
SYSERR: gethostbyaddr: Success
May 04 12:12:01 2021 :: WARNING: EOF on socket read (connection broken by peer)
May 04 12:12:01 2021 :: Losing descriptor without char.
SYSERR: gethostbyaddr: Success
May 04 12:12:07 2021 :: WARNING: EOF on socket read (connection broken by peer)
May 04 12:12:07 2021 :: Losing descriptor without char.
SYSERR: gethostbyaddr: Success
May 04 12:12:08 2021 :: WARNING: EOF on socket read (connection broken by peer)
May 04 12:12:08 2021 :: Losing descriptor without char.
May 04 12:12:08 2021 :: WARNING: Attempting to get content from iterator with NULL list.
May 04 12:12:08 2021 :: WARNING: Attempting to remove iterator from NULL list.
May 04 12:12:14 2021 :: WARNING: EOF on socket read (connection broken by peer)
May 04 12:12:14 2021 :: Losing descriptor without char.
May 04 12:12:14 2021 :: No connections.  Going to sleep.
May 04 15:31:27 2021 :: New connection.  Waking up.
SYSERR: gethostbyaddr: Success
May 04 15:31:28 2021 :: Losing descriptor without char.
May 04 15:31:28 2021 :: WARNING: Attempting to get content from iterator with NULL list.
May 04 15:31:28 2021 :: WARNING: Attempting to remove iterator from NULL list.
May 04 15:31:28 2021 :: No connections.  Going to sleep.
May 04 23:29:04 2021 :: New connection.  Waking up.
May 04 23:29:05 2021 :: WARNING: EOF on socket read (connection broken by peer)
May 04 23:29:05 2021 :: Losing descriptor without char.
May 04 23:29:05 2021 :: WARNING: Attempting to get content from iterator with NULL list.
May 04 23:29:05 2021 :: WARNING: Attempting to remove iterator from NULL list.
May 04 23:29:05 2021 :: No connections.  Going to sleep.
May 04 23:29:05 2021 :: New connection.  Waking up.
May 04 23:29:06 2021 :: WARNING: EOF on socket read (connection broken by peer)
May 04 23:29:06 2021 :: Losing descriptor without char.
May 04 23:29:06 2021 :: WARNING: Attempting to get content from iterator with NULL list.
May 04 23:29:06 2021 :: WARNING: Attempting to remove iterator from NULL list.
May 04 23:29:06 2021 :: No connections.  Going to sleep.
May 04 23:29:06 2021 :: New connection.  Waking up.
May 04 23:29:08 2021 :: WARNING: EOF on socket read (connection broken by peer)
May 04 23:29:08 2021 :: Losing descriptor without char.
May 04 23:29:08 2021 :: No connections.  Going to sleep.
May 04 23:29:09 2021 :: New connection.  Waking up.
SYSERR: gethostbyaddr: Success
SYSERR: gethostbyaddr: Success
May 04 23:29:24 2021 :: WARNING: EOF on socket read (connection broken by peer)
May 04 23:29:24 2021 :: Losing descriptor without char.
May 04 23:29:24 2021 :: WARNING: Attempting to get content from iterator with NULL list.
May 04 23:29:24 2021 :: WARNING: Attempting to remove iterator from NULL list.
May 04 23:29:24 2021 :: WARNING: EOF on socket read (connection broken by peer)
May 04 23:29:24 2021 :: Losing descriptor without char.
May 04 23:29:24 2021 :: WARNING: Attempting to get content from iterator with NULL list.
May 04 23:29:24 2021 :: WARNING: Attempting to remove iterator from NULL list.
May 04 23:29:24 2021 :: No connections.  Going to sleep.
May 05 04:43:11 2021 :: New connection.  Waking up.
May 05 04:43:12 2021 :: WARNING: EOF on socket read (connection broken by peer)
May 05 04:43:12 2021 :: Losing descriptor without char.
May 05 04:43:12 2021 :: WARNING: Attempting to get content from iterator with NULL list.
May 05 04:43:12 2021 :: WARNING: Attempting to remove iterator from NULL list.
May 05 04:43:12 2021 :: No connections.  Going to sleep.
May 05 04:45:07 2021 :: New connection.  Waking up.
May 05 04:45:07 2021 :: WARNING: EOF on socket read (connection broken by peer)
May 05 04:45:07 2021 :: Losing descriptor without char.
May 05 04:45:07 2021 :: WARNING: Attempting to get content from iterator with NULL list.
May 05 04:45:07 2021 :: WARNING: Attempting to remove iterator from NULL list.
May 05 04:45:07 2021 :: No connections.  Going to sleep.
May 05 04:47:18 2021 :: New connection.  Waking up.
May 05 04:47:18 2021 :: WARNING: EOF on socket read (connection broken by peer)
May 05 04:47:18 2021 :: Losing descriptor without char.
May 05 04:47:18 2021 :: WARNING: Attempting to get content from iterator with NULL list.
May 05 04:47:18 2021 :: WARNING: Attempting to remove iterator from NULL list.
May 05 04:47:18 2021 :: No connections.  Going to sleep.
May 05 04:49:35 2021 :: New connection.  Waking up.
May 05 04:49:36 2021 :: WARNING: EOF on socket read (connection broken by peer)
May 05 04:49:36 2021 :: Losing descriptor without char.
May 05 04:49:36 2021 :: WARNING: Attempting to get content from iterator with NULL list.
May 05 04:49:36 2021 :: WARNING: Attempting to remove iterator from NULL list.
May 05 04:49:36 2021 :: No connections.  Going to sleep.
May 05 04:51:53 2021 :: New connection.  Waking up.
May 05 04:51:53 2021 :: WARNING: EOF on socket read (connection broken by peer)
May 05 04:51:53 2021 :: Losing descriptor without char.
May 05 04:51:53 2021 :: WARNING: Attempting to get content from iterator with NULL list.
May 05 04:51:53 2021 :: WARNING: Attempting to remove iterator from NULL list.
May 05 04:51:53 2021 :: No connections.  Going to sleep.
May 05 04:54:09 2021 :: New connection.  Waking up.
May 05 04:54:10 2021 :: WARNING: EOF on socket read (connection broken by peer)
May 05 04:54:10 2021 :: Losing descriptor without char.
May 05 04:54:10 2021 :: WARNING: Attempting to get content from iterator with NULL list.
May 05 04:54:10 2021 :: WARNING: Attempting to remove iterator from NULL list.
May 05 04:54:10 2021 :: No connections.  Going to sleep.
May 05 04:56:26 2021 :: New connection.  Waking up.
May 05 04:56:27 2021 :: WARNING: EOF on socket read (connection broken by peer)
May 05 04:56:27 2021 :: Losing descriptor without char.
May 05 04:56:27 2021 :: WARNING: Attempting to get content from iterator with NULL list.
May 05 04:56:27 2021 :: WARNING: Attempting to remove iterator from NULL list.
May 05 04:56:27 2021 :: No connections.  Going to sleep.
May 05 05:55:51 2021 :: New connection.  Waking up.
May 05 05:55:52 2021 :: WARNING: EOF on socket read (connection broken by peer)
May 05 05:55:52 2021 :: Losing descriptor without char.
May 05 05:55:52 2021 :: WARNING: Attempting to get content from iterator with NULL list.
May 05 05:55:52 2021 :: WARNING: Attempting to remove iterator from NULL list.
May 05 05:55:52 2021 :: No connections.  Going to sleep.
May 05 06:14:30 2021 :: New connection.  Waking up.
May 05 06:14:31 2021 :: Losing descriptor without char.
May 05 06:14:31 2021 :: WARNING: Attempting to get content from iterator with NULL list.
May 05 06:14:31 2021 :: WARNING: Attempting to remove iterator from NULL list.
May 05 06:14:31 2021 :: No connections.  Going to sleep.
May 05 07:42:21 2021 :: New connection.  Waking up.
SYSERR: gethostbyaddr: Success
May 05 07:42:21 2021 :: WARNING: EOF on socket read (connection broken by peer)
May 05 07:42:21 2021 :: Losing descriptor without char.
May 05 07:42:21 2021 :: WARNING: Attempting to get content from iterator with NULL list.
May 05 07:42:21 2021 :: WARNING: Attempting to remove iterator from NULL list.
May 05 07:42:21 2021 :: No connections.  Going to sleep.
May 05 07:49:17 2021 :: New connection.  Waking up.
SYSERR: gethostbyaddr: Success
May 05 07:49:17 2021 :: WARNING: EOF on socket read (connection broken by peer)
May 05 07:49:17 2021 :: Losing descriptor without char.
May 05 07:49:17 2021 :: WARNING: Attempting to get content from iterator with NULL list.
May 05 07:49:17 2021 :: WARNING: Attempting to remove iterator from NULL list.
May 05 07:49:17 2021 :: No connections.  Going to sleep.
May 05 10:07:05 2021 :: New connection.  Waking up.
May 05 10:07:07 2021 :: Losing descriptor without char.
May 05 10:07:07 2021 :: WARNING: Attempting to get content from iterator with NULL list.
May 05 10:07:07 2021 :: WARNING: Attempting to remove iterator from NULL list.
May 05 10:07:07 2021 :: No connections.  Going to sleep.
May 05 10:17:48 2021 :: New connection.  Waking up.
May 05 10:17:49 2021 :: Losing descriptor without char.
May 05 10:17:49 2021 :: WARNING: Attempting to get content from iterator with NULL list.
May 05 10:17:49 2021 :: WARNING: Attempting to remove iterator from NULL list.
May 05 10:17:49 2021 :: No connections.  Going to sleep.
May 05 12:11:35 2021 :: New connection.  Waking up.
SYSERR: gethostbyaddr: Success
May 05 12:11:35 2021 :: Losing descriptor without char.
May 05 12:11:35 2021 :: WARNING: Attempting to get content from iterator with NULL list.
May 05 12:11:35 2021 :: WARNING: Attempting to remove iterator from NULL list.
May 05 12:11:35 2021 :: No connections.  Going to sleep.
